
> nightwatch-api-cucumber-bug-demonstration@1.0.0 test C:\dev\nightwatch-api-cucumber-bug-demonstration
> mkdirp report && cucumber-js --require-module @babel/register --require cucumber.conf.js --require step-definitions --format node_modules/cucumber-pretty --format json:report/cucumber_report.json

 Starting ChromeDriver on port 4444...
 ChromeDriver up and running on port 4444 with pid: 7280 (127ms).
   Request POST  /session  
   { desiredCapabilities:
      { browserName: 'chrome',
        platform: 'ANY',
        'goog:chromeOptions': { w3c: 'true' } } }
   Response 200 POST /session (2761ms)
   { sessionId: '3d3cfc2a8c35a8b8c6a4229c8724628e',
     status: 0,
     value:
      { acceptInsecureCerts: false,
        acceptSslCerts: false,
        applicationCacheEnabled: false,
        browserConnectionEnabled: false,
        browserName: 'chrome',
        chrome:
         { chromedriverVersion:
            '81.0.4044.69 (6813546031a4bc83f717a2ef7cd4ac6ec1199132-refs/branch-heads/4044@{#776})',
           userDataDir:
            'C:\\Users\\llis\\AppData\\Local\\Temp\\scoped_dir7280_369714887' },
        cssSelectorsEnabled: true,
        databaseEnabled: false,
        'goog:chromeOptions': { debuggerAddress: 'localhost:50253' },
        handlesAlerts: true,
        hasTouchScreen: false,
        javascriptEnabled: true,
        locationContextEnabled: true,
        mobileEmulationEnabled: false,
        nativeEvents: true,
        networkConnectionEnabled: false,
        pageLoadStrategy: 'normal',
        platform: 'Windows',
        proxy: {},
        rotatable: false,
        setWindowRect: true,
        strictFileInteractability: false,
        takesHeapSnapshot: true,
        takesScreenshot: true,
        timeouts: { implicit: 0, pageLoad: 300000, script: 30000 },
        unexpectedAlertBehaviour: 'ignore',
        version: '81.0.4044.138',
        webStorageEnabled: true,
        'webauthn:virtualAuthenticators': true } }
  Using: chrome (81.0.4044.138) on Windows platform.

 Received session with ID: 3d3cfc2a8c35a8b8c6a4229c8724628e

@command
Feature: Google Search

  @command
  Scenario: First scenario
    Given I simply open Google
 
 → Running command: url ('http://google.com')
   Request POST  /session/3d3cfc2a8c35a8b8c6a4229c8724628e/url  
   { url: 'http://google.com' }
   Response 200 POST /session/3d3cfc2a8c35a8b8c6a4229c8724628e/url (998ms)
   { sessionId: '3d3cfc2a8c35a8b8c6a4229c8724628e',
     status: 0,
     value: null }
  → Completed command: url ('http://google.com') (1000ms)
    When i call custom command and wait for something important
 
 → Running command: waitForElementPresent ('#thisWontBePresent')
   Request POST  /session/3d3cfc2a8c35a8b8c6a4229c8724628e/elements  
   { using: 'css selector', value: '#thisWontBePresent' }
   Response 200 POST /session/3d3cfc2a8c35a8b8c6a4229c8724628e/elements (12ms)
   { sessionId: '3d3cfc2a8c35a8b8c6a4229c8724628e',
     status: 0,
     value: [] }
   Request POST  /session/3d3cfc2a8c35a8b8c6a4229c8724628e/elements  
   { using: 'css selector', value: '#thisWontBePresent' }
   Response 200 POST /session/3d3cfc2a8c35a8b8c6a4229c8724628e/elements (7ms)
   { sessionId: '3d3cfc2a8c35a8b8c6a4229c8724628e',
     status: 0,
     value: [] }
   Request POST  /session/3d3cfc2a8c35a8b8c6a4229c8724628e/elements  
   { using: 'css selector', value: '#thisWontBePresent' }
   Response 200 POST /session/3d3cfc2a8c35a8b8c6a4229c8724628e/elements (6ms)
   { sessionId: '3d3cfc2a8c35a8b8c6a4229c8724628e',
     status: 0,
     value: [] }
Timed out while waiting for element <#thisWontBePresent> to be present for 500 milliseconds. - expected "found" but got: "not found" (629ms)
undefined  → Completed command: waitForElementPresent ('#thisWontBePresent') (632ms)
   Request GET  /session/3d3cfc2a8c35a8b8c6a4229c8724628e/screenshot  
   Response 200 GET /session/3d3cfc2a8c35a8b8c6a4229c8724628e/screenshot (302ms)
   { sessionId: '3d3cfc2a8c35a8b8c6a4229c8724628e',
     status: 0,
     value: '',
     suppressBase64Data: true }
    × failed
      Timed out while waiting for element <#thisWontBePresent> to be present for 500 milliseconds. - expected "found" but got: "not found" (629ms)
          at World.<anonymous> (C:\dev\nightwatch-api-cucumber-bug-demonstration\step-definitions\/steps.js:10:17)

  @command
  Scenario: Next Scenario
    Given dummy step
 
 → Running command: pause (100)
  → Completed command: pause (100) (101ms)
    When dummy step
 
 → Running command: pause (100)
  → Completed command: pause (100) (101ms)
    Then dummy step
 
 → Running command: pause (100)
  → Completed command: pause (100) (100ms)
   Request DELETE  /session/3d3cfc2a8c35a8b8c6a4229c8724628e  
   Response 200 DELETE /session/3d3cfc2a8c35a8b8c6a4229c8724628e (42ms)
   { sessionId: '3d3cfc2a8c35a8b8c6a4229c8724628e',
     status: 0,
     value: null }
 Wrote log file to: C:\dev\nightwatch-api-cucumber-bug-demonstration\chromedriver.log.

Failures:

1) Scenario: First scenario # features\customCommandFreeze.feature:4
   √ Given I simply open Google # step-definitions\steps.js:4
   × When i call custom command and wait for something important # step-definitions\steps.js:8
       Timed out while waiting for element <#thisWontBePresent> to be present for 500 milliseconds. - expected "found" but got: "not found" (629ms)
           at World.<anonymous> (C:\dev\nightwatch-api-cucumber-bug-demonstration\step-definitions\/steps.js:10:17)
   √ After # cucumber.conf.js:33
       Attachment (image/png)

2 scenarios (1 failed, 1 passed)
5 steps (1 failed, 4 passed)
0m02.253s
 ChromeDriver process closed.

🚀 Cucumber HTML report report/cucumber_report.html generated successfully 👍
